<?xml version="1.0" encoding="UTF-8"?>
<testng-results ignored="0" total="1" passed="1" failed="0" skipped="0">
  <reporter-output>
  </reporter-output>
  <suite started-at="2023-07-25T14:03:48 IST" name="GeneratedOTP" finished-at="2023-07-25T14:04:03 IST" duration-ms="14365">
    <groups>
    </groups>
    <test started-at="2023-07-25T14:03:48 IST" name="Test" finished-at="2023-07-25T14:04:03 IST" duration-ms="14365">
      <class name="Assignments.DynamicTextCapture_DownloadReports">
        <test-method signature="test()[pri:0, instance:Assignments.DynamicTextCapture_DownloadReports@55b7a4e0]" started-at="2023-07-25T14:03:48 IST" name="test" finished-at="2023-07-25T14:04:03 IST" duration-ms="14337" status="PASS">
          <reporter-output>
          </reporter-output>
        </test-method> <!-- test -->
      </class> <!-- Assignments.DynamicTextCapture_DownloadReports -->
    </test> <!-- Test -->
  </suite> <!-- GeneratedOTP -->
</testng-results>
