<?xml version="1.0" encoding="UTF-8"?>
<testng-results ignored="0" total="1" passed="1" failed="0" skipped="0">
  <reporter-output>
  </reporter-output>
  <suite started-at="2023-07-24T22:06:54 IST" name="Default suite" finished-at="2023-07-24T22:07:02 IST" duration-ms="7995">
    <groups>
    </groups>
    <test started-at="2023-07-24T22:06:54 IST" name="Default test" finished-at="2023-07-24T22:07:02 IST" duration-ms="7995">
      <class name="Learning.Selenium_Learn.MainScript">
        <test-method signature="standAlone(java.util.HashMap)[pri:0, instance:Learning.Selenium_Learn.MainScript@55182842]" started-at="2023-07-24T22:06:55 IST" name="standAlone" data-provider="getData" finished-at="2023-07-24T22:07:02 IST" duration-ms="7809" status="PASS">
          <params>
            <param index="0">
              <value>
                <![CDATA[{name=rahulshettyacademy, pass=learning, roles=Teacher}]]>
              </value>
            </param>
          </params>
          <reporter-output>
          </reporter-output>
        </test-method> <!-- standAlone -->
      </class> <!-- Learning.Selenium_Learn.MainScript -->
    </test> <!-- Default test -->
  </suite> <!-- Default suite -->
</testng-results>
